<?xml version="1.0" encoding="UTF-8"?>
<!-- Generated by org.testng.reporters.JUnitReportReporter -->
<testsuite skipped="0" hostname="Kadirxps" name="com.codenbox.practice1.LandingPageTest" tests="1" failures="0" timestamp="2023-04-16T16:50:52 EDT" time="3.995" errors="0">
  <testcase name="landingPagePracticeLink" time="3.995" classname="com.codenbox.practice1.LandingPageTest"/>
</testsuite> <!-- com.codenbox.practice1.LandingPageTest -->
